timestamp: 2021-06-04T19:22:14.044905
CREATE TABLE "py4web_session"(
    "id" INTEGER PRIMARY KEY AUTOINCREMENT,
    "rkey" CHAR(512),
    "rvalue" TEXT,
    "expiration" INTEGER,
    "created_on" TIMESTAMP,
    "expires_on" TIMESTAMP
);
success!
timestamp: 2021-06-04T19:22:14.066756
CREATE TABLE "auth_user"(
    "id" INTEGER PRIMARY KEY AUTOINCREMENT,
    "email" CHAR(512) UNIQUE,
    "password" CHAR(512),
    "first_name" CHAR(512),
    "last_name" CHAR(512),
    "sso_id" CHAR(512),
    "action_token" CHAR(512),
    "last_password_change" TIMESTAMP,
    "past_passwords_hash" TEXT
);
success!
timestamp: 2021-06-04T19:22:14.077712
CREATE TABLE "auth_user_tag_groups"(
    "id" INTEGER PRIMARY KEY AUTOINCREMENT,
    "path" CHAR(512),
    "record_id" INTEGER REFERENCES "auth_user" ("id") ON DELETE CASCADE  
);
success!
timestamp: 2021-06-04T19:22:14.234057
CREATE TABLE "recipe"(
    "id" INTEGER PRIMARY KEY AUTOINCREMENT,
    "recipe_name" CHAR(512),
    "recipe_time" CHAR(512),
    "recipe_content" TEXT,
    "user_email" CHAR(512),
    "recipe_likes" INTEGER,
    "recipe_dislikes" INTEGER,
    "date_created" TIMESTAMP
);
success!
timestamp: 2021-06-04T19:22:14.246070
CREATE TABLE "tags"(
    "id" INTEGER PRIMARY KEY AUTOINCREMENT,
    "tag_name" CHAR(512),
    "recipe_id" INTEGER REFERENCES "recipe" ("id") ON DELETE CASCADE  
);
success!
timestamp: 2021-06-04T19:22:14.255039
CREATE TABLE "ingredients"(
    "id" INTEGER PRIMARY KEY AUTOINCREMENT,
    "ingredient_name" CHAR(512),
    "ingredient_amount" TEXT,
    "ingredient_unit" CHAR(512),
    "recipe_id" INTEGER REFERENCES "recipe" ("id") ON DELETE CASCADE  
);
success!
timestamp: 2021-06-04T19:22:14.262101
CREATE TABLE "user_bio"(
    "id" INTEGER PRIMARY KEY AUTOINCREMENT,
    "bio_content" TEXT,
    "user_email" CHAR(512)
);
success!
timestamp: 2021-06-04T19:22:14.268966
CREATE TABLE "comments"(
    "id" INTEGER PRIMARY KEY AUTOINCREMENT,
    "comment_content" TEXT,
    "user_email" CHAR(512),
    "name" CHAR(512),
    "likers" TEXT,
    "dislikers" TEXT
);
success!
timestamp: 2021-06-04T19:22:14.276855
CREATE TABLE "replies"(
    "id" INTEGER PRIMARY KEY AUTOINCREMENT,
    "comment_id" INTEGER REFERENCES "comments" ("id") ON DELETE CASCADE  ,
    "reply_content" TEXT,
    "user_email" CHAR(512),
    "name" CHAR(512)
);
success!
